<?xml version="1.0" encoding="UTF-8"?>
<!-- Generated by org.testng.reporters.JUnitReportReporter -->
<testsuite hostname="praneeths-Mac-mini.local" failures="0" tests="1" name="com.seleniumProject.testCases.TC_LoginTest_001" time="28.194" errors="0" timestamp="2022-04-11T18:22:45 MDT" skipped="0">
  <testcase classname="com.seleniumProject.testCases.TC_LoginTest_001" name="loginTest" time="28.194"/>
  <system-out/>
</testsuite> <!-- com.seleniumProject.testCases.TC_LoginTest_001 -->
